[      34ms] [ERROR] Failed to load resource: the server responded with a status of 500 (Internal Server Error) @ http://localhost:3001/pricing:0
[     186ms] [INFO] %cDownload the React DevTools for a better development experience: https://reactjs.org/link/react-devtools font-weight:bold @ webpack-internal:///./node_modules/react-dom/cjs/react-dom.development.js:29889
[     224ms] Error: Cannot find module './1682.js'
Require stack:
- C:\Users\castr\Desktop\OPC Project\ziwei\.next\server\webpack-runtime.js
- C:\Users\castr\Desktop\OPC Project\ziwei\.next\server\app\about\page.js
- C:\Users\castr\Desktop\OPC Project\ziwei\node_modules\next\dist\server\require.js
- C:\Users\castr\Desktop\OPC Project\ziwei\node_modules\next\dist\server\load-components.js
- C:\Users\castr\Desktop\OPC Project\ziwei\node_modules\next\dist\build\utils.js
- C:\Users\castr\Desktop\OPC Project\ziwei\node_modules\next\dist\server\dev\hot-middleware.js
- C:\Users\castr\Desktop\OPC Project\ziwei\node_modules\next\dist\server\dev\hot-reloader-webpack.js
- C:\Users\castr\Desktop\OPC Project\ziwei\node_modules\next\dist\server\lib\router-utils\setup-dev-bundler.js
- C:\Users\castr\Desktop\OPC Project\ziwei\node_modules\next\dist\server\lib\router-server.js
- C:\Users\castr\Desktop\OPC Project\ziwei\node_modules\next\dist\server\lib\start-server.js
    at Module.<anonymous> (node:internal/modules/cjs/loader:1456:15)
    at <unknown> (file://C:\Users\castr\Desktop\OPC Project\ziwei\node_modules\next\dist\server\require-hook.js:55:36)
    at defaultResolveImpl (node:internal/modules/cjs/loader:1066:19)
    at resolveForCJSWithHooks (node:internal/modules/cjs/loader:1071:22)
    at Module._load (node:internal/modules/cjs/loader:1242:25)
    at wrapModuleLoad (node:internal/modules/cjs/loader:255:19)
    at Module.<anonymous> (node:internal/modules/cjs/loader:1556:12)
    at mod.require (file://C:\Users\castr\Desktop\OPC Project\ziwei\node_modules\next\dist\server\require-hook.js:65:28)
    at require (node:internal/modules/helpers:152:16)
    at __webpack_require__.f.require (file://C:\Users\castr\Desktop\OPC Project\ziwei\.next\server\webpack-runtime.js:198:28)
    at <unknown> (file://C:\Users\castr\Desktop\OPC Project\ziwei\.next\server\webpack-runtime.js:111:40)
    at Array.reduce (<anonymous>)
    at __webpack_require__.e (file://C:\Users\castr\Desktop\OPC Project\ziwei\.next\server\webpack-runtime.js:110:67)
    at Array.map (<anonymous>)
    at __webpack_require__.X (file://C:\Users\castr\Desktop\OPC Project\ziwei\.next\server\webpack-runtime.js:162:22)
    at <unknown> (file://C:\Users\castr\Desktop\OPC Project\ziwei\.next\server\pages\_document.js:1:340)
    at Object.<anonymous> (file://C:\Users\castr\Desktop\OPC Project\ziwei\.next\server\pages\_document.js:1:383)
    at Module._compile (node:internal/modules/cjs/loader:1812:14)
    at Object..js (node:internal/modules/cjs/loader:1943:10)
    at Module.load (node:internal/modules/cjs/loader:1533:32)
    at Module._load (node:internal/modules/cjs/loader:1335:12)
    at wrapModuleLoad (node:internal/modules/cjs/loader:255:19)
    at Module.<anonymous> (node:internal/modules/cjs/loader:1556:12)
    at mod.require (file://C:\Users\castr\Desktop\OPC Project\ziwei\node_modules\next\dist\server\require-hook.js:65:28)
    at require (node:internal/modules/helpers:152:16)
    at requirePage (file://C:\Users\castr\Desktop\OPC Project\ziwei\node_modules\next\dist\server\require.js:109:84)
    at <unknown> (file://C:\Users\castr\Desktop\OPC Project\ziwei\node_modules\next\dist\server\load-components.js:72:65)
    at async loadComponentsImpl (file://C:\Users\castr\Desktop\OPC Project\ziwei\node_modules\next\dist\server\load-components.js:71:33)
    at async DevServer.findPageComponentsImpl (file://C:\Users\castr\Desktop\OPC Project\ziwei\node_modules\next\dist\server\next-server.js:714:36)
[     222ms] [LOG] [HMR] connected @ webpack-internal:///./node_modules/next/dist/client/components/react-dev-overlay/pages/websocket.js:38
